mode: set
github.com/MiltonJ23/Orus/internal/domain/annotation.go:30.89,31.16 1 1
github.com/MiltonJ23/Orus/internal/domain/annotation.go:31.16,33.3 1 1
github.com/MiltonJ23/Orus/internal/domain/annotation.go:35.2,35.18 1 1
github.com/MiltonJ23/Orus/internal/domain/annotation.go:35.18,37.3 1 1
github.com/MiltonJ23/Orus/internal/domain/annotation.go:39.2,45.8 1 1
github.com/MiltonJ23/Orus/internal/domain/book.go:40.96,41.17 1 1
github.com/MiltonJ23/Orus/internal/domain/book.go:41.17,43.3 1 1
github.com/MiltonJ23/Orus/internal/domain/book.go:44.2,44.20 1 1
github.com/MiltonJ23/Orus/internal/domain/book.go:44.20,46.3 1 0
github.com/MiltonJ23/Orus/internal/domain/book.go:47.2,57.8 1 1
github.com/MiltonJ23/Orus/internal/domain/session.go:18.56,19.23 1 1
github.com/MiltonJ23/Orus/internal/domain/session.go:19.23,21.3 1 1
github.com/MiltonJ23/Orus/internal/domain/session.go:22.2,23.39 2 1
github.com/MiltonJ23/Orus/internal/domain/session.go:27.48,29.2 1 0
github.com/MiltonJ23/Orus/internal/domain/session.go:32.51,33.14 1 1
github.com/MiltonJ23/Orus/internal/domain/session.go:33.14,36.3 2 1
github.com/MiltonJ23/Orus/internal/domain/session.go:37.2,37.25 1 1
github.com/MiltonJ23/Orus/internal/domain/session.go:37.25,40.3 2 1
github.com/MiltonJ23/Orus/internal/domain/session.go:42.2,43.32 2 1
